{"C:\\Users\\maria\\OneDrive\\Documents\\InternshipCodeChallenge-HatchWorks\\DemoBackEnd\\DemoBackEnd\\models\\User.js": {"path":"C:\\Users\\maria\\OneDrive\\Documents\\InternshipCodeChallenge-HatchWorks\\DemoBackEnd\\DemoBackEnd\\models\\User.js","statementMap":{"0":{"start":{"line":1,"column":17},"end":{"line":1,"column":36}},"1":{"start":{"line":4,"column":19},"end":{"line":8,"column":25}},"2":{"start":{"line":10,"column":13},"end":{"line":10,"column":47}},"3":{"start":{"line":12,"column":0},"end":{"line":12,"column":22}}},"fnMap":{},"branchMap":{},"s":{"0":1,"1":1,"2":1,"3":1},"f":{},"b":{},"_coverageSchema":"1a1c01bbd47fc00a2c39e90264f33305004495a9","hash":"5116a5879334c3c46db51f21fd15daca56ed9729"}
,"C:\\Users\\maria\\OneDrive\\Documents\\InternshipCodeChallenge-HatchWorks\\DemoBackEnd\\DemoBackEnd\\services\\userService.js": {"path":"C:\\Users\\maria\\OneDrive\\Documents\\InternshipCodeChallenge-HatchWorks\\DemoBackEnd\\DemoBackEnd\\services\\userService.js","statementMap":{"0":{"start":{"line":1,"column":13},"end":{"line":1,"column":38}},"1":{"start":{"line":2,"column":15},"end":{"line":2,"column":32}},"2":{"start":{"line":3,"column":12},"end":{"line":3,"column":35}},"3":{"start":{"line":5,"column":20},"end":{"line":43,"column":1}},"4":{"start":{"line":7,"column":8},"end":{"line":14,"column":9}},"5":{"start":{"line":8,"column":12},"end":{"line":8,"column":73}},"6":{"start":{"line":9,"column":28},"end":{"line":9,"column":46}},"7":{"start":{"line":10,"column":12},"end":{"line":10,"column":33}},"8":{"start":{"line":11,"column":12},"end":{"line":11,"column":27}},"9":{"start":{"line":13,"column":12},"end":{"line":13,"column":72}},"10":{"start":{"line":18,"column":8},"end":{"line":27,"column":9}},"11":{"start":{"line":19,"column":25},"end":{"line":19,"column":54}},"12":{"start":{"line":20,"column":12},"end":{"line":22,"column":13}},"13":{"start":{"line":21,"column":16},"end":{"line":21,"column":55}},"14":{"start":{"line":23,"column":26},"end":{"line":23,"column":97}},"15":{"start":{"line":24,"column":12},"end":{"line":24,"column":35}},"16":{"start":{"line":26,"column":12},"end":{"line":26,"column":66}},"17":{"start":{"line":31,"column":8},"end":{"line":41,"column":9}},"18":{"start":{"line":32,"column":25},"end":{"line":32,"column":54}},"19":{"start":{"line":33,"column":12},"end":{"line":38,"column":13}},"20":{"start":{"line":34,"column":16},"end":{"line":34,"column":75}},"21":{"start":{"line":35,"column":16},"end":{"line":35,"column":58}},"22":{"start":{"line":37,"column":16},"end":{"line":37,"column":50}},"23":{"start":{"line":40,"column":12},"end":{"line":40,"column":76}},"24":{"start":{"line":45,"column":0},"end":{"line":45,"column":29}}},"fnMap":{"0":{"name":"(anonymous_0)","decl":{"start":{"line":6,"column":4},"end":{"line":6,"column":5}},"loc":{"start":{"line":6,"column":29},"end":{"line":15,"column":5}},"line":6},"1":{"name":"(anonymous_1)","decl":{"start":{"line":17,"column":4},"end":{"line":17,"column":5}},"loc":{"start":{"line":17,"column":37},"end":{"line":28,"column":5}},"line":17},"2":{"name":"(anonymous_2)","decl":{"start":{"line":30,"column":4},"end":{"line":30,"column":5}},"loc":{"start":{"line":30,"column":33},"end":{"line":42,"column":5}},"line":30}},"branchMap":{"0":{"loc":{"start":{"line":20,"column":12},"end":{"line":22,"column":13}},"type":"if","locations":[{"start":{"line":20,"column":12},"end":{"line":22,"column":13}},{"start":{},"end":{}}],"line":20},"1":{"loc":{"start":{"line":20,"column":16},"end":{"line":20,"column":73}},"type":"binary-expr","locations":[{"start":{"line":20,"column":16},"end":{"line":20,"column":21}},{"start":{"line":20,"column":25},"end":{"line":20,"column":73}}],"line":20},"2":{"loc":{"start":{"line":33,"column":12},"end":{"line":38,"column":13}},"type":"if","locations":[{"start":{"line":33,"column":12},"end":{"line":38,"column":13}},{"start":{"line":36,"column":19},"end":{"line":38,"column":13}}],"line":33}},"s":{"0":1,"1":1,"2":1,"3":1,"4":2,"5":2,"6":2,"7":2,"8":1,"9":1,"10":0,"11":0,"12":0,"13":0,"14":0,"15":0,"16":0,"17":0,"18":0,"19":0,"20":0,"21":0,"22":0,"23":0,"24":1},"f":{"0":2,"1":0,"2":0},"b":{"0":[0,0],"1":[0,0],"2":[0,0]},"_coverageSchema":"1a1c01bbd47fc00a2c39e90264f33305004495a9","hash":"bf5c71e9c09522c1d01e07218b64ba5763fd51fc"}
}
